<?xml version="1.0" encoding="UTF-8"?>
<!-- Generated by org.testng.reporters.JUnitReportReporter -->
<testsuite hostname="DESKTOP-BPCSJES" failures="0" tests="1" name="testCases.TC_001_AccountRegistration" time="11.815" errors="0" timestamp="2022-03-04T19:43:14 IST" skipped="0">
  <testcase classname="testCases.TC_001_AccountRegistration" name="test_account_Registration" time="11.815"/>
  <system-out/>
</testsuite> <!-- testCases.TC_001_AccountRegistration -->
