<?xml version="1.0" encoding="UTF-8"?>
<!-- Generated by org.testng.reporters.JUnitReportReporter -->
<testsuite hostname="DESKTOP-BPCSJES" failures="0" tests="1" name="testCases.TC_002_Login" time="10.674" errors="0" timestamp="2022-03-04T19:35:59 IST" skipped="0">
  <testcase classname="testCases.TC_002_Login" name="test_Login" time="10.674"/>
  <system-out/>
</testsuite> <!-- testCases.TC_002_Login -->
